<?xml version="1.0" encoding="UTF-8"?>
<robot generator="Robot 4.1.2 (Python 3.9.1 on win32)" generated="20220209 00:28:57.577" rpa="false" schemaversion="2">
<suite id="s1" name="Login" source="C:\Users\007\PycharmProjects\robot-test-login\testcase\login\login.robot">
<kw name="Open browser login page" library="open_website" type="SETUP">
<kw name="Open Browser" library="Selenium2Library">
<arg>${base_url.phptravels}</arg>
<arg>${browser.chrome}</arg>
<doc>Opens a new browser instance to the optional ``url``.</doc>
<msg timestamp="20220209 00:28:57.760" level="INFO">Opening browser 'chrome' to base url 'https://www.phptravels.net/login'.</msg>
<status status="PASS" starttime="20220209 00:28:57.759" endtime="20220209 00:29:04.895"/>
</kw>
<kw name="Title Should Be" library="Selenium2Library">
<arg>Login - PHPTRAVELS</arg>
<doc>Verifies that the current page title equals ``title``.</doc>
<msg timestamp="20220209 00:29:04.904" level="INFO">Page title is 'Login - PHPTRAVELS'.</msg>
<status status="PASS" starttime="20220209 00:29:04.896" endtime="20220209 00:29:04.904"/>
</kw>
<status status="PASS" starttime="20220209 00:28:57.759" endtime="20220209 00:29:04.904"/>
</kw>
<test id="s1-t1" name="Scenario: Login Fail (Empty)">
<kw name="GIVEN Login use empty to Dashbord" library="keyword_login" sourcename="Login use ${case} to Dashbord">
<kw name="Type in username" library="login_page">
<arg>${username.${case}}</arg>
<kw name="Element Should Be Enabled" library="Selenium2Library">
<arg>${text_name}</arg>
<doc>Verifies that element identified by ``locator`` is enabled.</doc>
<status status="PASS" starttime="20220209 00:29:04.906" endtime="20220209 00:29:04.940"/>
</kw>
<kw name="Input Text" library="Selenium2Library">
<arg>${text_name}</arg>
<arg>${username}</arg>
<doc>Types the given ``text`` into the text field identified by ``locator``.</doc>
<msg timestamp="20220209 00:29:04.941" level="INFO">Typing text ' ' into text field 'name=email'.</msg>
<status status="PASS" starttime="20220209 00:29:04.940" endtime="20220209 00:29:05.019"/>
</kw>
<status status="PASS" starttime="20220209 00:29:04.905" endtime="20220209 00:29:05.019"/>
</kw>
<kw name="Type in password" library="login_page">
<arg>${password.${case}}</arg>
<kw name="Element Should Be Enabled" library="Selenium2Library">
<arg>${text_pass}</arg>
<doc>Verifies that element identified by ``locator`` is enabled.</doc>
<status status="PASS" starttime="20220209 00:29:05.020" endtime="20220209 00:29:05.052"/>
</kw>
<kw name="Input Text" library="Selenium2Library">
<arg>${text_pass}</arg>
<arg>${password}</arg>
<doc>Types the given ``text`` into the text field identified by ``locator``.</doc>
<msg timestamp="20220209 00:29:05.052" level="INFO">Typing text ' ' into text field 'name=password'.</msg>
<status status="PASS" starttime="20220209 00:29:05.052" endtime="20220209 00:29:05.145"/>
</kw>
<status status="PASS" starttime="20220209 00:29:05.019" endtime="20220209 00:29:05.145"/>
</kw>
<status status="PASS" starttime="20220209 00:29:04.905" endtime="20220209 00:29:05.145"/>
</kw>
<kw name="When Submit Login" library="login_page">
<kw name="Click Element" library="Selenium2Library">
<arg>${login_button}</arg>
<doc>Click the element identified by ``locator``.</doc>
<msg timestamp="20220209 00:29:05.146" level="INFO">Clicking element '//*[@class="btn btn-default btn-lg btn-block effect ladda-button waves-effect"]'.</msg>
<status status="PASS" starttime="20220209 00:29:05.146" endtime="20220209 00:29:05.227"/>
</kw>
<status status="PASS" starttime="20220209 00:29:05.146" endtime="20220209 00:29:05.227"/>
</kw>
<kw name="Then Found Error page" library="login_page">
<kw name="Title Should Be" library="Selenium2Library">
<arg>Login - PHPTRAVELS</arg>
<doc>Verifies that the current page title equals ``title``.</doc>
<msg timestamp="20220209 00:29:05.232" level="INFO">Page title is 'Login - PHPTRAVELS'.</msg>
<status status="PASS" starttime="20220209 00:29:05.228" endtime="20220209 00:29:05.232"/>
</kw>
<status status="PASS" starttime="20220209 00:29:05.227" endtime="20220209 00:29:05.233"/>
</kw>
<status status="PASS" starttime="20220209 00:29:04.904" endtime="20220209 00:29:05.233"/>
</test>
<test id="s1-t2" name="Scenario: Login Fail (invalid)">
<kw name="GIVEN Login use invalid to Dashbord" library="keyword_login" sourcename="Login use ${case} to Dashbord">
<kw name="Type in username" library="login_page">
<arg>${username.${case}}</arg>
<kw name="Element Should Be Enabled" library="Selenium2Library">
<arg>${text_name}</arg>
<doc>Verifies that element identified by ``locator`` is enabled.</doc>
<status status="PASS" starttime="20220209 00:29:05.238" endtime="20220209 00:29:05.260"/>
</kw>
<kw name="Input Text" library="Selenium2Library">
<arg>${text_name}</arg>
<arg>${username}</arg>
<doc>Types the given ``text`` into the text field identified by ``locator``.</doc>
<msg timestamp="20220209 00:29:05.260" level="INFO">Typing text 'aaaa@phptravels.com' into text field 'name=email'.</msg>
<status status="PASS" starttime="20220209 00:29:05.260" endtime="20220209 00:29:05.332"/>
</kw>
<status status="PASS" starttime="20220209 00:29:05.237" endtime="20220209 00:29:05.333"/>
</kw>
<kw name="Type in password" library="login_page">
<arg>${password.${case}}</arg>
<kw name="Element Should Be Enabled" library="Selenium2Library">
<arg>${text_pass}</arg>
<doc>Verifies that element identified by ``locator`` is enabled.</doc>
<status status="PASS" starttime="20220209 00:29:05.334" endtime="20220209 00:29:05.351"/>
</kw>
<kw name="Input Text" library="Selenium2Library">
<arg>${text_pass}</arg>
<arg>${password}</arg>
<doc>Types the given ``text`` into the text field identified by ``locator``.</doc>
<msg timestamp="20220209 00:29:05.351" level="INFO">Typing text 'sssmouser' into text field 'name=password'.</msg>
<status status="PASS" starttime="20220209 00:29:05.351" endtime="20220209 00:29:05.412"/>
</kw>
<status status="PASS" starttime="20220209 00:29:05.333" endtime="20220209 00:29:05.412"/>
</kw>
<status status="PASS" starttime="20220209 00:29:05.236" endtime="20220209 00:29:05.412"/>
</kw>
<kw name="When Submit Login" library="login_page">
<kw name="Click Element" library="Selenium2Library">
<arg>${login_button}</arg>
<doc>Click the element identified by ``locator``.</doc>
<msg timestamp="20220209 00:29:05.413" level="INFO">Clicking element '//*[@class="btn btn-default btn-lg btn-block effect ladda-button waves-effect"]'.</msg>
<status status="PASS" starttime="20220209 00:29:05.413" endtime="20220209 00:29:06.291"/>
</kw>
<status status="PASS" starttime="20220209 00:29:05.413" endtime="20220209 00:29:06.291"/>
</kw>
<kw name="Then Found Error page" library="login_page">
<kw name="Title Should Be" library="Selenium2Library">
<arg>Login - PHPTRAVELS</arg>
<doc>Verifies that the current page title equals ``title``.</doc>
<msg timestamp="20220209 00:29:06.294" level="INFO">Page title is 'Login - PHPTRAVELS'.</msg>
<status status="PASS" starttime="20220209 00:29:06.291" endtime="20220209 00:29:06.294"/>
</kw>
<status status="PASS" starttime="20220209 00:29:06.291" endtime="20220209 00:29:06.294"/>
</kw>
<status status="PASS" starttime="20220209 00:29:05.235" endtime="20220209 00:29:06.295"/>
</test>
<test id="s1-t3" name="Scenario: Login Success">
<kw name="GIVEN Login use valid to Dashbord" library="keyword_login" sourcename="Login use ${case} to Dashbord">
<kw name="Type in username" library="login_page">
<arg>${username.${case}}</arg>
<kw name="Element Should Be Enabled" library="Selenium2Library">
<arg>${text_name}</arg>
<doc>Verifies that element identified by ``locator`` is enabled.</doc>
<status status="PASS" starttime="20220209 00:29:06.297" endtime="20220209 00:29:06.330"/>
</kw>
<kw name="Input Text" library="Selenium2Library">
<arg>${text_name}</arg>
<arg>${username}</arg>
<doc>Types the given ``text`` into the text field identified by ``locator``.</doc>
<msg timestamp="20220209 00:29:06.330" level="INFO">Typing text 'user@phptravels.com' into text field 'name=email'.</msg>
<status status="PASS" starttime="20220209 00:29:06.330" endtime="20220209 00:29:06.428"/>
</kw>
<status status="PASS" starttime="20220209 00:29:06.296" endtime="20220209 00:29:06.428"/>
</kw>
<kw name="Type in password" library="login_page">
<arg>${password.${case}}</arg>
<kw name="Element Should Be Enabled" library="Selenium2Library">
<arg>${text_pass}</arg>
<doc>Verifies that element identified by ``locator`` is enabled.</doc>
<status status="PASS" starttime="20220209 00:29:06.429" endtime="20220209 00:29:06.455"/>
</kw>
<kw name="Input Text" library="Selenium2Library">
<arg>${text_pass}</arg>
<arg>${password}</arg>
<doc>Types the given ``text`` into the text field identified by ``locator``.</doc>
<msg timestamp="20220209 00:29:06.455" level="INFO">Typing text 'demouser' into text field 'name=password'.</msg>
<status status="PASS" starttime="20220209 00:29:06.455" endtime="20220209 00:29:06.541"/>
</kw>
<status status="PASS" starttime="20220209 00:29:06.428" endtime="20220209 00:29:06.541"/>
</kw>
<status status="PASS" starttime="20220209 00:29:06.296" endtime="20220209 00:29:06.541"/>
</kw>
<kw name="When Submit Login" library="login_page">
<kw name="Click Element" library="Selenium2Library">
<arg>${login_button}</arg>
<doc>Click the element identified by ``locator``.</doc>
<msg timestamp="20220209 00:29:06.542" level="INFO">Clicking element '//*[@class="btn btn-default btn-lg btn-block effect ladda-button waves-effect"]'.</msg>
<status status="PASS" starttime="20220209 00:29:06.542" endtime="20220209 00:29:09.034"/>
</kw>
<status status="PASS" starttime="20220209 00:29:06.542" endtime="20220209 00:29:09.034"/>
</kw>
<kw name="Then Login Page to Dashbord page" library="susccess_login_page">
<kw name="Title Should Be" library="Selenium2Library">
<arg>Dashboard - PHPTRAVELS</arg>
<doc>Verifies that the current page title equals ``title``.</doc>
<msg timestamp="20220209 00:29:09.040" level="INFO">Page title is 'Dashboard - PHPTRAVELS'.</msg>
<status status="PASS" starttime="20220209 00:29:09.035" endtime="20220209 00:29:09.040"/>
</kw>
<status status="PASS" starttime="20220209 00:29:09.034" endtime="20220209 00:29:09.040"/>
</kw>
<status status="PASS" starttime="20220209 00:29:06.295" endtime="20220209 00:29:09.040"/>
</test>
<kw name="Close Browser" library="Selenium2Library" type="TEARDOWN">
<doc>Closes the current browser.</doc>
<status status="PASS" starttime="20220209 00:29:09.041" endtime="20220209 00:29:11.174"/>
</kw>
<status status="PASS" starttime="20220209 00:28:57.578" endtime="20220209 00:29:11.174"/>
</suite>
<statistics>
<total>
<stat pass="3" fail="0" skip="0">All Tests</stat>
</total>
<tag>
</tag>
<suite>
<stat pass="3" fail="0" skip="0" id="s1" name="Login">Login</stat>
</suite>
</statistics>
<errors>
</errors>
</robot>
